<?xml version="1.0" encoding="UTF-8"?>
<!-- Generated by org.testng.reporters.JUnitXMLReporter -->
<testsuite ignored="0" hostname="wca-s647039" failures="1" tests="1" name="test" time="9.118" errors="0" timestamp="2023-02-28T16:52:37 MSK">
  <testcase classname="onliner.FiltrationAuto" name="autobaraholkaTest" time="3.836">
    <failure type="org.openqa.selenium.interactions.MoveTargetOutOfBoundsException" message="(302, 1042) is out of bounds of viewport width (1920) and height (955)
Build info: version: &amp;apos;4.8.0&amp;apos;, revision: &amp;apos;267030adea&amp;apos;
System info: os.name: &amp;apos;Windows 10&amp;apos;, os.arch: &amp;apos;amd64&amp;apos;, os.version: &amp;apos;10.0&amp;apos;, java.version: &amp;apos;19.0.2&amp;apos;
Driver info: org.openqa.selenium.firefox.FirefoxDriver
Command: [135aef45-c6c0-4f8b-87bd-4abcd3f72e3b, actions {actions=[org.openqa.selenium.interactions.Sequence@5c42b2bd]}]
Capabilities {acceptInsecureCerts: true, browserName: firefox, browserVersion: 102.5.0, moz:accessibilityChecks: false, moz:buildID: 20221107191025, moz:debuggerAddress: localhost:14775, moz:geckodriverVersion: 0.31.0, moz:headless: false, moz:processID: 5948, moz:profile: C:\TEMP\B00044~1\rust_mozpr..., moz:shutdownTimeout: 60000, moz:useNonSpecCompliantPointerOrigin: false, moz:webdriverClick: true, moz:windowless: false, pageLoadStrategy: normal, platformName: WINDOWS, platformVersion: 10.0, proxy: Proxy(), se:cdp: ws://localhost:14775/devtoo..., se:cdpVersion: 85.0, setWindowRect: true, strictFileInteractability: false, timeouts: {implicit: 0, pageLoad: 300000, script: 30000}, unhandledPromptBehavior: dismiss and notify}
Session ID: 135aef45-c6c0-4f8b-87bd-4abcd3f72e3b">
      <![CDATA[org.openqa.selenium.interactions.MoveTargetOutOfBoundsException: (302, 1042) is out of bounds of viewport width (1920) and height (955)
Build info: version: '4.8.0', revision: '267030adea'
System info: os.name: 'Windows 10', os.arch: 'amd64', os.version: '10.0', java.version: '19.0.2'
Driver info: org.openqa.selenium.firefox.FirefoxDriver
Command: [135aef45-c6c0-4f8b-87bd-4abcd3f72e3b, actions {actions=[org.openqa.selenium.interactions.Sequence@5c42b2bd]}]
Capabilities {acceptInsecureCerts: true, browserName: firefox, browserVersion: 102.5.0, moz:accessibilityChecks: false, moz:buildID: 20221107191025, moz:debuggerAddress: localhost:14775, moz:geckodriverVersion: 0.31.0, moz:headless: false, moz:processID: 5948, moz:profile: C:\TEMP\B00044~1\rust_mozpr..., moz:shutdownTimeout: 60000, moz:useNonSpecCompliantPointerOrigin: false, moz:webdriverClick: true, moz:windowless: false, pageLoadStrategy: normal, platformName: WINDOWS, platformVersion: 10.0, proxy: Proxy(), se:cdp: ws://localhost:14775/devtoo..., se:cdpVersion: 85.0, setWindowRect: true, strictFileInteractability: false, timeouts: {implicit: 0, pageLoad: 300000, script: 30000}, unhandledPromptBehavior: dismiss and notify}
Session ID: 135aef45-c6c0-4f8b-87bd-4abcd3f72e3b
at org.openqa.selenium.remote.codec.w3c.W3CHttpResponseCodec.createException(W3CHttpResponseCodec.java:200)
at org.openqa.selenium.remote.codec.w3c.W3CHttpResponseCodec.decode(W3CHttpResponseCodec.java:133)
at org.openqa.selenium.remote.codec.w3c.W3CHttpResponseCodec.decode(W3CHttpResponseCodec.java:53)
at org.openqa.selenium.remote.HttpCommandExecutor.execute(HttpCommandExecutor.java:184)
at org.openqa.selenium.remote.service.DriverCommandExecutor.invokeExecute(DriverCommandExecutor.java:167)
at org.openqa.selenium.remote.service.DriverCommandExecutor.execute(DriverCommandExecutor.java:142)
at org.openqa.selenium.remote.RemoteWebDriver.execute(RemoteWebDriver.java:543)
at org.openqa.selenium.remote.RemoteWebDriver.perform(RemoteWebDriver.java:611)
at org.openqa.selenium.interactions.Actions$BuiltAction.perform(Actions.java:567)
at framework.elements.BaseElement.moveAndClickByAction(BaseElement.java:127)
at onliner.pageObject.AutoBaraholkaPage.choiceGearbox(AutoBaraholkaPage.java:44)
at onliner.FiltrationAuto.autobaraholkaTest(FiltrationAuto.java:23)
at java.base/java.util.ArrayList.forEach(ArrayList.java:1511)
at java.base/java.util.concurrent.FutureTask.run(FutureTask.java:317)
at java.base/java.util.concurrent.ThreadPoolExecutor.runWorker(ThreadPoolExecutor.java:1144)
at java.base/java.util.concurrent.ThreadPoolExecutor$Worker.run(ThreadPoolExecutor.java:642)
at java.base/java.lang.Thread.run(Thread.java:1589)
... Removed 18 stack frames]]>
    </failure>
  </testcase> <!-- autobaraholkaTest -->
</testsuite> <!-- test -->
