<?xml version="1.0" encoding="UTF-8"?>
<testng-results ignored="0" total="1" passed="0" failed="1" skipped="0">
  <reporter-output>
  </reporter-output>
  <suite started-at="2023-02-28T16:52:28 MSK" name="Onliner" finished-at="2023-02-28T16:52:37 MSK" duration-ms="9118">
    <groups>
    </groups>
    <test started-at="2023-02-28T16:52:28 MSK" name="test" finished-at="2023-02-28T16:52:37 MSK" duration-ms="9118">
      <class name="onliner.FiltrationAuto">
        <test-method is-config="true" signature="setup()[pri:0, instance:onliner.FiltrationAuto@202b0582]" started-at="2023-02-28T16:52:28 MSK" name="setup" finished-at="2023-02-28T16:52:33 MSK" duration-ms="4242" status="PASS">
          <reporter-output>
          </reporter-output>
        </test-method> <!-- setup -->
        <test-method signature="autobaraholkaTest()[pri:0, instance:onliner.FiltrationAuto@202b0582]" started-at="2023-02-28T16:52:33 MSK" name="autobaraholkaTest" finished-at="2023-02-28T16:52:36 MSK" duration-ms="3836" status="FAIL">
          <exception class="org.openqa.selenium.interactions.MoveTargetOutOfBoundsException">
            <message>
              <![CDATA[(302, 1042) is out of bounds of viewport width (1920) and height (955)
Build info: version: '4.8.0', revision: '267030adea'
System info: os.name: 'Windows 10', os.arch: 'amd64', os.version: '10.0', java.version: '19.0.2'
Driver info: org.openqa.selenium.firefox.FirefoxDriver
Command: [135aef45-c6c0-4f8b-87bd-4abcd3f72e3b, actions {actions=[org.openqa.selenium.interactions.Sequence@5c42b2bd]}]
Capabilities {acceptInsecureCerts: true, browserName: firefox, browserVersion: 102.5.0, moz:accessibilityChecks: false, moz:buildID: 20221107191025, moz:debuggerAddress: localhost:14775, moz:geckodriverVersion: 0.31.0, moz:headless: false, moz:processID: 5948, moz:profile: C:\TEMP\B00044~1\rust_mozpr..., moz:shutdownTimeout: 60000, moz:useNonSpecCompliantPointerOrigin: false, moz:webdriverClick: true, moz:windowless: false, pageLoadStrategy: normal, platformName: WINDOWS, platformVersion: 10.0, proxy: Proxy(), se:cdp: ws://localhost:14775/devtoo..., se:cdpVersion: 85.0, setWindowRect: true, strictFileInteractability: false, timeouts: {implicit: 0, pageLoad: 300000, script: 30000}, unhandledPromptBehavior: dismiss and notify}
Session ID: 135aef45-c6c0-4f8b-87bd-4abcd3f72e3b]]>
            </message>
            <full-stacktrace>
              <![CDATA[org.openqa.selenium.interactions.MoveTargetOutOfBoundsException: (302, 1042) is out of bounds of viewport width (1920) and height (955)
Build info: version: '4.8.0', revision: '267030adea'
System info: os.name: 'Windows 10', os.arch: 'amd64', os.version: '10.0', java.version: '19.0.2'
Driver info: org.openqa.selenium.firefox.FirefoxDriver
Command: [135aef45-c6c0-4f8b-87bd-4abcd3f72e3b, actions {actions=[org.openqa.selenium.interactions.Sequence@5c42b2bd]}]
Capabilities {acceptInsecureCerts: true, browserName: firefox, browserVersion: 102.5.0, moz:accessibilityChecks: false, moz:buildID: 20221107191025, moz:debuggerAddress: localhost:14775, moz:geckodriverVersion: 0.31.0, moz:headless: false, moz:processID: 5948, moz:profile: C:\TEMP\B00044~1\rust_mozpr..., moz:shutdownTimeout: 60000, moz:useNonSpecCompliantPointerOrigin: false, moz:webdriverClick: true, moz:windowless: false, pageLoadStrategy: normal, platformName: WINDOWS, platformVersion: 10.0, proxy: Proxy(), se:cdp: ws://localhost:14775/devtoo..., se:cdpVersion: 85.0, setWindowRect: true, strictFileInteractability: false, timeouts: {implicit: 0, pageLoad: 300000, script: 30000}, unhandledPromptBehavior: dismiss and notify}
Session ID: 135aef45-c6c0-4f8b-87bd-4abcd3f72e3b
at java.base/jdk.internal.reflect.DirectConstructorHandleAccessor.newInstance(DirectConstructorHandleAccessor.java:67)
at java.base/java.lang.reflect.Constructor.newInstanceWithCaller(Constructor.java:500)
at java.base/java.lang.reflect.Constructor.newInstance(Constructor.java:484)
at org.openqa.selenium.remote.codec.w3c.W3CHttpResponseCodec.createException(W3CHttpResponseCodec.java:200)
at org.openqa.selenium.remote.codec.w3c.W3CHttpResponseCodec.decode(W3CHttpResponseCodec.java:133)
at org.openqa.selenium.remote.codec.w3c.W3CHttpResponseCodec.decode(W3CHttpResponseCodec.java:53)
at org.openqa.selenium.remote.HttpCommandExecutor.execute(HttpCommandExecutor.java:184)
at org.openqa.selenium.remote.service.DriverCommandExecutor.invokeExecute(DriverCommandExecutor.java:167)
at org.openqa.selenium.remote.service.DriverCommandExecutor.execute(DriverCommandExecutor.java:142)
at org.openqa.selenium.remote.RemoteWebDriver.execute(RemoteWebDriver.java:543)
at org.openqa.selenium.remote.RemoteWebDriver.perform(RemoteWebDriver.java:611)
at org.openqa.selenium.interactions.Actions$BuiltAction.perform(Actions.java:567)
at framework.elements.BaseElement.moveAndClickByAction(BaseElement.java:127)
at onliner.pageObject.AutoBaraholkaPage.choiceGearbox(AutoBaraholkaPage.java:44)
at onliner.FiltrationAuto.autobaraholkaTest(FiltrationAuto.java:23)
at java.base/jdk.internal.reflect.DirectMethodHandleAccessor.invoke(DirectMethodHandleAccessor.java:104)
at java.base/java.lang.reflect.Method.invoke(Method.java:578)
at org.testng.internal.invokers.MethodInvocationHelper.invokeMethod(MethodInvocationHelper.java:139)
at org.testng.internal.invokers.TestInvoker.invokeMethod(TestInvoker.java:677)
at org.testng.internal.invokers.TestInvoker.invokeTestMethod(TestInvoker.java:221)
at org.testng.internal.invokers.MethodRunner.runInSequence(MethodRunner.java:50)
at org.testng.internal.invokers.TestInvoker$MethodInvocationAgent.invoke(TestInvoker.java:969)
at org.testng.internal.invokers.TestInvoker.invokeTestMethods(TestInvoker.java:194)
at org.testng.internal.invokers.TestMethodWorker.invokeTestMethods(TestMethodWorker.java:148)
at org.testng.internal.invokers.TestMethodWorker.run(TestMethodWorker.java:128)
at java.base/java.util.ArrayList.forEach(ArrayList.java:1511)
at org.testng.TestRunner.privateRun(TestRunner.java:829)
at org.testng.TestRunner.run(TestRunner.java:602)
at org.testng.SuiteRunner.runTest(SuiteRunner.java:437)
at org.testng.SuiteRunner$SuiteWorker.run(SuiteRunner.java:475)
at org.testng.internal.thread.ThreadUtil.lambda$execute$0(ThreadUtil.java:58)
at java.base/java.util.concurrent.FutureTask.run(FutureTask.java:317)
at java.base/java.util.concurrent.ThreadPoolExecutor.runWorker(ThreadPoolExecutor.java:1144)
at java.base/java.util.concurrent.ThreadPoolExecutor$Worker.run(ThreadPoolExecutor.java:642)
at java.base/java.lang.Thread.run(Thread.java:1589)
]]>
            </full-stacktrace>
          </exception> <!-- org.openqa.selenium.interactions.MoveTargetOutOfBoundsException -->
          <reporter-output>
          </reporter-output>
        </test-method> <!-- autobaraholkaTest -->
        <test-method is-config="true" signature="tearDown()[pri:0, instance:onliner.FiltrationAuto@202b0582]" started-at="2023-02-28T16:52:37 MSK" name="tearDown" description="Closing browser" finished-at="2023-02-28T16:52:37 MSK" duration-ms="746" status="PASS">
          <reporter-output>
          </reporter-output>
        </test-method> <!-- tearDown -->
      </class> <!-- onliner.FiltrationAuto -->
    </test> <!-- test -->
  </suite> <!-- Onliner -->
</testng-results>
