<?xml version="1.0" encoding="UTF-8"?>
<testng-results ignored="0" total="2" passed="2" failed="0" skipped="0">
  <reporter-output>
  </reporter-output>
  <suite started-at="2023-02-20T15:48:56 MSK" name="Onliner" finished-at="2023-02-20T15:49:17 MSK" duration-ms="21044">
    <groups>
    </groups>
    <test started-at="2023-02-20T15:48:56 MSK" name="test" finished-at="2023-02-20T15:49:17 MSK" duration-ms="21044">
      <class name="OnlinerTest">
        <test-method signature="onlinerTest()[pri:0, instance:OnlinerTest@4fb61f4a]" started-at="2023-02-20T15:48:56 MSK" name="onlinerTest" finished-at="2023-02-20T15:49:08 MSK" duration-ms="12193" status="PASS">
          <reporter-output>
          </reporter-output>
        </test-method> <!-- onlinerTest -->
      </class> <!-- OnlinerTest -->
      <class name="onliner.NavigationTest">
        <test-method is-config="true" signature="setup()[pri:0, instance:onliner.NavigationTest@2a798d51]" started-at="2023-02-20T15:49:08 MSK" name="setup" finished-at="2023-02-20T15:49:12 MSK" duration-ms="4076" status="PASS">
          <reporter-output>
          </reporter-output>
        </test-method> <!-- setup -->
        <test-method signature="onlinerTest()[pri:0, instance:onliner.NavigationTest@2a798d51]" started-at="2023-02-20T15:49:12 MSK" name="onlinerTest" finished-at="2023-02-20T15:49:16 MSK" duration-ms="3825" status="PASS">
          <reporter-output>
          </reporter-output>
        </test-method> <!-- onlinerTest -->
        <test-method is-config="true" signature="tearDown()[pri:0, instance:onliner.NavigationTest@2a798d51]" started-at="2023-02-20T15:49:16 MSK" name="tearDown" description="Closing browser" finished-at="2023-02-20T15:49:17 MSK" duration-ms="923" status="PASS">
          <reporter-output>
          </reporter-output>
        </test-method> <!-- tearDown -->
      </class> <!-- onliner.NavigationTest -->
    </test> <!-- test -->
  </suite> <!-- Onliner -->
</testng-results>
